[debug] [2023-02-16T17:40:32.416Z] ----------------------------------------------------------------------
[debug] [2023-02-16T17:40:32.418Z] Command:       C:\Program Files\nodejs\node.exe C:\Users\Asus\AppData\Roaming\npm\node_modules\firebase-tools\lib\bin\firebase.js init
[debug] [2023-02-16T17:40:32.418Z] CLI Version:   11.23.1
[debug] [2023-02-16T17:40:32.419Z] Platform:      win32
[debug] [2023-02-16T17:40:32.419Z] Node Version:  v16.15.1
[debug] [2023-02-16T17:40:32.422Z] Time:          Thu Feb 16 2023 23:40:32 GMT+0600 (Bangladesh Standard Time)
[debug] [2023-02-16T17:40:32.423Z] ----------------------------------------------------------------------
[debug] 
[debug] [2023-02-16T17:40:32.427Z] >>> [apiv2][query] GET https://firebase-public.firebaseio.com/cli.json [none]
[debug] [2023-02-16T17:40:32.451Z] > command requires scopes: ["email","openid","https://www.googleapis.com/auth/cloudplatformprojects.readonly","https://www.googleapis.com/auth/firebase","https://www.googleapis.com/auth/cloud-platform"]
[debug] [2023-02-16T17:40:32.451Z] > authorizing via signed-in user (saimasawrin123@gmail.com)
[info] 
     ######## #### ########  ######## ########     ###     ######  ########
     ##        ##  ##     ## ##       ##     ##  ##   ##  ##       ##
     ######    ##  ########  ######   ########  #########  ######  ######
     ##        ##  ##    ##  ##       ##     ## ##     ##       ## ##
     ##       #### ##     ## ######## ########  ##     ##  ######  ########

You're about to initialize a Firebase project in this directory:

  F:\react\Job-portal\job-portal-client-side

[debug] [2023-02-16T17:40:33.131Z] <<< [apiv2][status] GET https://firebase-public.firebaseio.com/cli.json 200
[debug] [2023-02-16T17:40:33.131Z] <<< [apiv2][body] GET https://firebase-public.firebaseio.com/cli.json {"cloudBuildErrorAfter":1594252800000,"cloudBuildWarnAfter":1590019200000,"defaultNode10After":1594252800000,"minVersion":"3.0.5","node8DeploysDisabledAfter":1613390400000,"node8RuntimeDisabledAfter":1615809600000,"node8WarnAfter":1600128000000}
